2012-08-16 05:22:46,447 - Velocimacro : allowInlineLocal = false : VMs defined inline will be global in scope if allowed.
2012-08-16 05:22:46,448 - Velocimacro : autoload off : VM system will not automatically reload global library macros
2012-08-16 05:22:46,448 - Velocimacro : Velocimacro : initialization complete.
2012-08-16 05:22:46,448 - RuntimeInstance successfully initialized.
2012-08-16 05:27:02,913 - SimpleLog4JLogSystem initialized using logfile 'velocity.log'
2012-08-16 05:27:02,914 - Initializing Velocity, Calling init()...
2012-08-16 05:27:02,914 - *******************************************************************
2012-08-16 05:27:02,914 - Starting Apache Velocity v1.7 (compiled: 2010-11-19 12:14:37)
2012-08-16 05:27:02,914 - RuntimeInstance initializing.
2012-08-16 05:27:02,915 - Default Properties File: org\apache\velocity\runtime\defaults\velocity.properties
2012-08-16 05:27:02,915 - Trying to use logger class org.apache.velocity.runtime.log.SimpleLog4JLogSystem
2012-08-16 05:27:02,915 - LogSystem has been deprecated. Please use a LogChute implementation.
2012-08-16 05:27:02,918 - Default ResourceManager initializing. (class org.apache.velocity.runtime.resource.ResourceManagerImpl)
2012-08-16 05:27:02,923 - ResourceLoader instantiated: org.apache.velocity.runtime.resource.loader.FileResourceLoader
2012-08-16 05:27:02,924 - FileResourceLoader : initialization starting.
2012-08-16 05:27:02,924 - Do unicode file recognition:  false
2012-08-16 05:27:02,924 - FileResourceLoader : adding path '.'
2012-08-16 05:27:02,924 - FileResourceLoader : initialization complete.
2012-08-16 05:27:02,925 - ResourceLoader instantiated: org.apache.velocity.runtime.resource.loader.ClasspathResourceLoader
2012-08-16 05:27:02,925 - ClasspathResourceLoader : initialization complete.
2012-08-16 05:27:02,944 - ResourceCache: initialized (class org.apache.velocity.runtime.resource.ResourceCacheImpl) with class java.util.Collections$SynchronizedMap cache map.
2012-08-16 05:27:02,944 - Default ResourceManager initialization complete.
2012-08-16 05:27:02,946 - Loaded System Directive: org.apache.velocity.runtime.directive.Stop
2012-08-16 05:27:02,948 - Loaded System Directive: org.apache.velocity.runtime.directive.Define
2012-08-16 05:27:02,949 - Loaded System Directive: org.apache.velocity.runtime.directive.Break
2012-08-16 05:27:02,950 - Loaded System Directive: org.apache.velocity.runtime.directive.Evaluate
2012-08-16 05:27:02,951 - Loaded System Directive: org.apache.velocity.runtime.directive.Literal
2012-08-16 05:27:02,952 - Loaded System Directive: org.apache.velocity.runtime.directive.Macro
2012-08-16 05:27:02,954 - Loaded System Directive: org.apache.velocity.runtime.directive.Parse
2012-08-16 05:27:02,956 - Loaded System Directive: org.apache.velocity.runtime.directive.Include
2012-08-16 05:27:02,958 - Loaded System Directive: org.apache.velocity.runtime.directive.Foreach
2012-08-16 05:27:03,009 - Created '20' parsers.
2012-08-16 05:27:03,018 - Velocimacro : initialization starting.
2012-08-16 05:27:03,019 - Velocimacro : "velocimacro.library" is not set.  Trying default library: VM_global_library.vm
2012-08-16 05:27:03,020 - Could not load resource 'VM_global_library.vm' from ResourceLoader org.apache.velocity.runtime.resource.loader.ClasspathResourceLoader: ClasspathResourceLoader Error: cannot find resource VM_global_library.vm
2012-08-16 05:27:03,020 - Velocimacro : Default library not found.
2012-08-16 05:27:03,020 - Velocimacro : allowInline = true : VMs can be defined inline in templates
2012-08-16 05:27:03,020 - Velocimacro : allowInlineToOverride = false : VMs defined inline may NOT replace previous VM definitions
2012-08-16 05:27:03,020 - Velocimacro : allowInlineLocal = false : VMs defined inline will be global in scope if allowed.
2012-08-16 05:27:03,020 - Velocimacro : autoload off : VM system will not automatically reload global library macros
2012-08-16 05:27:03,020 - Velocimacro : Velocimacro : initialization complete.
2012-08-16 05:27:03,020 - RuntimeInstance successfully initialized.
2012-08-16 05:27:54,949 - SimpleLog4JLogSystem initialized using logfile 'velocity.log'
2012-08-16 05:27:54,950 - Initializing Velocity, Calling init()...
2012-08-16 05:27:54,950 - *******************************************************************
2012-08-16 05:27:54,950 - Starting Apache Velocity v1.7 (compiled: 2010-11-19 12:14:37)
2012-08-16 05:27:54,950 - RuntimeInstance initializing.
2012-08-16 05:27:54,950 - Default Properties File: org\apache\velocity\runtime\defaults\velocity.properties
2012-08-16 05:27:54,951 - Trying to use logger class org.apache.velocity.runtime.log.SimpleLog4JLogSystem
2012-08-16 05:27:54,951 - LogSystem has been deprecated. Please use a LogChute implementation.
2012-08-16 05:27:54,954 - Default ResourceManager initializing. (class org.apache.velocity.runtime.resource.ResourceManagerImpl)
2012-08-16 05:27:54,959 - ResourceLoader instantiated: org.apache.velocity.runtime.resource.loader.FileResourceLoader
2012-08-16 05:27:54,960 - FileResourceLoader : initialization starting.
2012-08-16 05:27:54,960 - Do unicode file recognition:  false
2012-08-16 05:27:54,960 - FileResourceLoader : adding path '.'
2012-08-16 05:27:54,960 - FileResourceLoader : initialization complete.
2012-08-16 05:27:54,961 - ResourceLoader instantiated: org.apache.velocity.runtime.resource.loader.ClasspathResourceLoader
2012-08-16 05:27:54,961 - ClasspathResourceLoader : initialization complete.
2012-08-16 05:27:54,981 - ResourceCache: initialized (class org.apache.velocity.runtime.resource.ResourceCacheImpl) with class java.util.Collections$SynchronizedMap cache map.
2012-08-16 05:27:54,981 - Default ResourceManager initialization complete.
2012-08-16 05:27:54,983 - Loaded System Directive: org.apache.velocity.runtime.directive.Stop
2012-08-16 05:27:54,985 - Loaded System Directive: org.apache.velocity.runtime.directive.Define
2012-08-16 05:27:54,986 - Loaded System Directive: org.apache.velocity.runtime.directive.Break
2012-08-16 05:27:54,987 - Loaded System Directive: org.apache.velocity.runtime.directive.Evaluate
2012-08-16 05:27:54,988 - Loaded System Directive: org.apache.velocity.runtime.directive.Literal
2012-08-16 05:27:54,990 - Loaded System Directive: org.apache.velocity.runtime.directive.Macro
2012-08-16 05:27:54,992 - Loaded System Directive: org.apache.velocity.runtime.directive.Parse
2012-08-16 05:27:54,994 - Loaded System Directive: org.apache.velocity.runtime.directive.Include
2012-08-16 05:27:54,996 - Loaded System Directive: org.apache.velocity.runtime.directive.Foreach
2012-08-16 05:27:55,069 - Created '20' parsers.
2012-08-16 05:27:55,078 - Velocimacro : initialization starting.
2012-08-16 05:27:55,079 - Velocimacro : "velocimacro.library" is not set.  Trying default library: VM_global_library.vm
2012-08-16 05:27:55,080 - Could not load resource 'VM_global_library.vm' from ResourceLoader org.apache.velocity.runtime.resource.loader.ClasspathResourceLoader: ClasspathResourceLoader Error: cannot find resource VM_global_library.vm
2012-08-16 05:27:55,080 - Velocimacro : Default library not found.
2012-08-16 05:27:55,080 - Velocimacro : allowInline = true : VMs can be defined inline in templates
2012-08-16 05:27:55,080 - Velocimacro : allowInlineToOverride = false : VMs defined inline may NOT replace previous VM definitions
2012-08-16 05:27:55,080 - Velocimacro : allowInlineLocal = false : VMs defined inline will be global in scope if allowed.
2012-08-16 05:27:55,080 - Velocimacro : autoload off : VM system will not automatically reload global library macros
2012-08-16 05:27:55,080 - Velocimacro : Velocimacro : initialization complete.
2012-08-16 05:27:55,080 - RuntimeInstance successfully initialized.
2012-08-16 05:29:11,391 - SimpleLog4JLogSystem initialized using logfile 'velocity.log'
2012-08-16 05:29:11,392 - Initializing Velocity, Calling init()...
2012-08-16 05:29:11,392 - *******************************************************************
2012-08-16 05:29:11,392 - Starting Apache Velocity v1.7 (compiled: 2010-11-19 12:14:37)
2012-08-16 05:29:11,392 - RuntimeInstance initializing.
2012-08-16 05:29:11,392 - Default Properties File: org\apache\velocity\runtime\defaults\velocity.properties
2012-08-16 05:29:11,392 - Trying to use logger class org.apache.velocity.runtime.log.SimpleLog4JLogSystem
2012-08-16 05:29:11,392 - LogSystem has been deprecated. Please use a LogChute implementation.
2012-08-16 05:29:11,396 - Default ResourceManager initializing. (class org.apache.velocity.runtime.resource.ResourceManagerImpl)
2012-08-16 05:29:11,401 - ResourceLoader instantiated: org.apache.velocity.runtime.resource.loader.FileResourceLoader
2012-08-16 05:29:11,403 - FileResourceLoader : initialization starting.
2012-08-16 05:29:11,403 - Do unicode file recognition:  false
2012-08-16 05:29:11,403 - FileResourceLoader : adding path '.'
2012-08-16 05:29:11,403 - FileResourceLoader : initialization complete.
2012-08-16 05:29:11,404 - ResourceLoader instantiated: org.apache.velocity.runtime.resource.loader.ClasspathResourceLoader
2012-08-16 05:29:11,404 - ClasspathResourceLoader : initialization complete.
2012-08-16 05:29:11,424 - ResourceCache: initialized (class org.apache.velocity.runtime.resource.ResourceCacheImpl) with class java.util.Collections$SynchronizedMap cache map.
2012-08-16 05:29:11,424 - Default ResourceManager initialization complete.
2012-08-16 05:29:11,427 - Loaded System Directive: org.apache.velocity.runtime.directive.Stop
2012-08-16 05:29:11,429 - Loaded System Directive: org.apache.velocity.runtime.directive.Define
2012-08-16 05:29:11,430 - Loaded System Directive: org.apache.velocity.runtime.directive.Break
2012-08-16 05:29:11,431 - Loaded System Directive: org.apache.velocity.runtime.directive.Evaluate
2012-08-16 05:29:11,432 - Loaded System Directive: org.apache.velocity.runtime.directive.Literal
2012-08-16 05:29:11,433 - Loaded System Directive: org.apache.velocity.runtime.directive.Macro
2012-08-16 05:29:11,435 - Loaded System Directive: org.apache.velocity.runtime.directive.Parse
2012-08-16 05:29:11,437 - Loaded System Directive: org.apache.velocity.runtime.directive.Include
2012-08-16 05:29:11,439 - Loaded System Directive: org.apache.velocity.runtime.directive.Foreach
2012-08-16 05:29:11,489 - Created '20' parsers.
2012-08-16 05:29:11,499 - Velocimacro : initialization starting.
2012-08-16 05:29:11,500 - Velocimacro : "velocimacro.library" is not set.  Trying default library: VM_global_library.vm
2012-08-16 05:29:11,501 - Could not load resource 'VM_global_library.vm' from ResourceLoader org.apache.velocity.runtime.resource.loader.ClasspathResourceLoader: ClasspathResourceLoader Error: cannot find resource VM_global_library.vm
2012-08-16 05:29:11,501 - Velocimacro : Default library not found.
2012-08-16 05:29:11,501 - Velocimacro : allowInline = true : VMs can be defined inline in templates
2012-08-16 05:29:11,501 - Velocimacro : allowInlineToOverride = false : VMs defined inline may NOT replace previous VM definitions
2012-08-16 05:29:11,501 - Velocimacro : allowInlineLocal = false : VMs defined inline will be global in scope if allowed.
2012-08-16 05:29:11,501 - Velocimacro : autoload off : VM system will not automatically reload global library macros
2012-08-16 05:29:11,501 - Velocimacro : Velocimacro : initialization complete.
2012-08-16 05:29:11,501 - RuntimeInstance successfully initialized.
2012-08-16 05:38:38,955 - SimpleLog4JLogSystem initialized using logfile 'velocity.log'
2012-08-16 05:38:38,956 - Initializing Velocity, Calling init()...
2012-08-16 05:38:38,956 - *******************************************************************
2012-08-16 05:38:38,956 - Starting Apache Velocity v1.7 (compiled: 2010-11-19 12:14:37)
2012-08-16 05:38:38,956 - RuntimeInstance initializing.
2012-08-16 05:38:38,956 - Default Properties File: org\apache\velocity\runtime\defaults\velocity.properties
2012-08-16 05:38:38,956 - Trying to use logger class org.apache.velocity.runtime.log.SimpleLog4JLogSystem
2012-08-16 05:38:38,956 - LogSystem has been deprecated. Please use a LogChute implementation.
2012-08-16 05:38:38,959 - Default ResourceManager initializing. (class org.apache.velocity.runtime.resource.ResourceManagerImpl)
2012-08-16 05:38:38,964 - ResourceLoader instantiated: org.apache.velocity.runtime.resource.loader.FileResourceLoader
2012-08-16 05:38:38,965 - FileResourceLoader : initialization starting.
2012-08-16 05:38:38,965 - Do unicode file recognition:  false
2012-08-16 05:38:38,965 - FileResourceLoader : adding path '.'
2012-08-16 05:38:38,965 - FileResourceLoader : initialization complete.
2012-08-16 05:38:38,966 - ResourceLoader instantiated: org.apache.velocity.runtime.resource.loader.ClasspathResourceLoader
2012-08-16 05:38:38,966 - ClasspathResourceLoader : initialization complete.
2012-08-16 05:38:38,984 - ResourceCache: initialized (class org.apache.velocity.runtime.resource.ResourceCacheImpl) with class java.util.Collections$SynchronizedMap cache map.
2012-08-16 05:38:38,985 - Default ResourceManager initialization complete.
2012-08-16 05:38:38,987 - Loaded System Directive: org.apache.velocity.runtime.directive.Stop
2012-08-16 05:38:38,988 - Loaded System Directive: org.apache.velocity.runtime.directive.Define
2012-08-16 05:38:38,989 - Loaded System Directive: org.apache.velocity.runtime.directive.Break
2012-08-16 05:38:38,990 - Loaded System Directive: org.apache.velocity.runtime.directive.Evaluate
2012-08-16 05:38:38,991 - Loaded System Directive: org.apache.velocity.runtime.directive.Literal
2012-08-16 05:38:38,993 - Loaded System Directive: org.apache.velocity.runtime.directive.Macro
2012-08-16 05:38:38,995 - Loaded System Directive: org.apache.velocity.runtime.directive.Parse
2012-08-16 05:38:38,996 - Loaded System Directive: org.apache.velocity.runtime.directive.Include
2012-08-16 05:38:38,998 - Loaded System Directive: org.apache.velocity.runtime.directive.Foreach
2012-08-16 05:38:39,046 - Created '20' parsers.
2012-08-16 05:38:39,057 - Velocimacro : initialization starting.
2012-08-16 05:38:39,057 - Velocimacro : "velocimacro.library" is not set.  Trying default library: VM_global_library.vm
2012-08-16 05:38:39,058 - Could not load resource 'VM_global_library.vm' from ResourceLoader org.apache.velocity.runtime.resource.loader.ClasspathResourceLoader: ClasspathResourceLoader Error: cannot find resource VM_global_library.vm
2012-08-16 05:38:39,058 - Velocimacro : Default library not found.
2012-08-16 05:38:39,058 - Velocimacro : allowInline = true : VMs can be defined inline in templates
2012-08-16 05:38:39,058 - Velocimacro : allowInlineToOverride = false : VMs defined inline may NOT replace previous VM definitions
2012-08-16 05:38:39,058 - Velocimacro : allowInlineLocal = false : VMs defined inline will be global in scope if allowed.
2012-08-16 05:38:39,058 - Velocimacro : autoload off : VM system will not automatically reload global library macros
2012-08-16 05:38:39,058 - Velocimacro : Velocimacro : initialization complete.
2012-08-16 05:38:39,058 - RuntimeInstance successfully initialized.
2012-08-16 05:46:23,208 - SimpleLog4JLogSystem initialized using logfile 'velocity.log'
2012-08-16 05:46:23,209 - Initializing Velocity, Calling init()...
2012-08-16 05:46:23,209 - *******************************************************************
2012-08-16 05:46:23,209 - Starting Apache Velocity v1.7 (compiled: 2010-11-19 12:14:37)
2012-08-16 05:46:23,209 - RuntimeInstance initializing.
2012-08-16 05:46:23,209 - Default Properties File: org\apache\velocity\runtime\defaults\velocity.properties
2012-08-16 05:46:23,209 - Trying to use logger class org.apache.velocity.runtime.log.SimpleLog4JLogSystem
2012-08-16 05:46:23,210 - LogSystem has been deprecated. Please use a LogChute implementation.
2012-08-16 05:46:23,213 - Default ResourceManager initializing. (class org.apache.velocity.runtime.resource.ResourceManagerImpl)
2012-08-16 05:46:23,217 - ResourceLoader instantiated: org.apache.velocity.runtime.resource.loader.FileResourceLoader
2012-08-16 05:46:23,218 - FileResourceLoader : initialization starting.
2012-08-16 05:46:23,218 - Do unicode file recognition:  false
2012-08-16 05:46:23,218 - FileResourceLoader : adding path '.'
2012-08-16 05:46:23,219 - FileResourceLoader : initialization complete.
2012-08-16 05:46:23,219 - ResourceLoader instantiated: org.apache.velocity.runtime.resource.loader.ClasspathResourceLoader
2012-08-16 05:46:23,220 - ClasspathResourceLoader : initialization complete.
2012-08-16 05:46:23,238 - ResourceCache: initialized (class org.apache.velocity.runtime.resource.ResourceCacheImpl) with class java.util.Collections$SynchronizedMap cache map.
2012-08-16 05:46:23,238 - Default ResourceManager initialization complete.
2012-08-16 05:46:23,240 - Loaded System Directive: org.apache.velocity.runtime.directive.Stop
2012-08-16 05:46:23,241 - Loaded System Directive: org.apache.velocity.runtime.directive.Define
2012-08-16 05:46:23,242 - Loaded System Directive: org.apache.velocity.runtime.directive.Break
2012-08-16 05:46:23,243 - Loaded System Directive: org.apache.velocity.runtime.directive.Evaluate
2012-08-16 05:46:23,244 - Loaded System Directive: org.apache.velocity.runtime.directive.Literal
2012-08-16 05:46:23,246 - Loaded System Directive: org.apache.velocity.runtime.directive.Macro
2012-08-16 05:46:23,248 - Loaded System Directive: org.apache.velocity.runtime.directive.Parse
2012-08-16 05:46:23,250 - Loaded System Directive: org.apache.velocity.runtime.directive.Include
2012-08-16 05:46:23,251 - Loaded System Directive: org.apache.velocity.runtime.directive.Foreach
2012-08-16 05:46:23,299 - Created '20' parsers.
2012-08-16 05:46:23,309 - Velocimacro : initialization starting.
2012-08-16 05:46:23,309 - Velocimacro : "velocimacro.library" is not set.  Trying default library: VM_global_library.vm
2012-08-16 05:46:23,310 - Could not load resource 'VM_global_library.vm' from ResourceLoader org.apache.velocity.runtime.resource.loader.ClasspathResourceLoader: ClasspathResourceLoader Error: cannot find resource VM_global_library.vm
2012-08-16 05:46:23,310 - Velocimacro : Default library not found.
2012-08-16 05:46:23,310 - Velocimacro : allowInline = true : VMs can be defined inline in templates
2012-08-16 05:46:23,310 - Velocimacro : allowInlineToOverride = false : VMs defined inline may NOT replace previous VM definitions
2012-08-16 05:46:23,310 - Velocimacro : allowInlineLocal = false : VMs defined inline will be global in scope if allowed.
2012-08-16 05:46:23,310 - Velocimacro : autoload off : VM system will not automatically reload global library macros
2012-08-16 05:46:23,310 - Velocimacro : Velocimacro : initialization complete.
2012-08-16 05:46:23,310 - RuntimeInstance successfully initialized.
2012-08-16 05:50:28,307 - SimpleLog4JLogSystem initialized using logfile 'velocity.log'
2012-08-16 05:50:28,307 - Initializing Velocity, Calling init()...
2012-08-16 05:50:28,307 - *******************************************************************
2012-08-16 05:50:28,308 - Starting Apache Velocity v1.7 (compiled: 2010-11-19 12:14:37)
2012-08-16 05:50:28,308 - RuntimeInstance initializing.
2012-08-16 05:50:28,308 - Default Properties File: org\apache\velocity\runtime\defaults\velocity.properties
2012-08-16 05:50:28,308 - Trying to use logger class org.apache.velocity.runtime.log.SimpleLog4JLogSystem
2012-08-16 05:50:28,308 - LogSystem has been deprecated. Please use a LogChute implementation.
2012-08-16 05:50:28,311 - Default ResourceManager initializing. (class org.apache.velocity.runtime.resource.ResourceManagerImpl)
2012-08-16 05:50:28,316 - ResourceLoader instantiated: org.apache.velocity.runtime.resource.loader.FileResourceLoader
2012-08-16 05:50:28,317 - FileResourceLoader : initialization starting.
2012-08-16 05:50:28,317 - Do unicode file recognition:  false
2012-08-16 05:50:28,317 - FileResourceLoader : adding path '.'
2012-08-16 05:50:28,317 - FileResourceLoader : initialization complete.
2012-08-16 05:50:28,318 - ResourceLoader instantiated: org.apache.velocity.runtime.resource.loader.ClasspathResourceLoader
2012-08-16 05:50:28,318 - ClasspathResourceLoader : initialization complete.
2012-08-16 05:50:28,336 - ResourceCache: initialized (class org.apache.velocity.runtime.resource.ResourceCacheImpl) with class java.util.Collections$SynchronizedMap cache map.
2012-08-16 05:50:28,336 - Default ResourceManager initialization complete.
2012-08-16 05:50:28,338 - Loaded System Directive: org.apache.velocity.runtime.directive.Stop
2012-08-16 05:50:28,340 - Loaded System Directive: org.apache.velocity.runtime.directive.Define
2012-08-16 05:50:28,341 - Loaded System Directive: org.apache.velocity.runtime.directive.Break
2012-08-16 05:50:28,342 - Loaded System Directive: org.apache.velocity.runtime.directive.Evaluate
2012-08-16 05:50:28,343 - Loaded System Directive: org.apache.velocity.runtime.directive.Literal
2012-08-16 05:50:28,344 - Loaded System Directive: org.apache.velocity.runtime.directive.Macro
2012-08-16 05:50:28,346 - Loaded System Directive: org.apache.velocity.runtime.directive.Parse
2012-08-16 05:50:28,347 - Loaded System Directive: org.apache.velocity.runtime.directive.Include
2012-08-16 05:50:28,349 - Loaded System Directive: org.apache.velocity.runtime.directive.Foreach
2012-08-16 05:50:28,397 - Created '20' parsers.
2012-08-16 05:50:28,397 - Velocimacro : initialization starting.
2012-08-16 05:50:28,397 - Velocimacro : "velocimacro.library" is not set.  Trying default library: VM_global_library.vm
2012-08-16 05:50:28,397 - Could not load resource 'VM_global_library.vm' from ResourceLoader org.apache.velocity.runtime.resource.loader.ClasspathResourceLoader: ClasspathResourceLoader Error: cannot find resource VM_global_library.vm
2012-08-16 05:50:28,397 - Velocimacro : Default library not found.
2012-08-16 05:50:28,397 - Velocimacro : allowInline = true : VMs can be defined inline in templates
2012-08-16 05:50:28,397 - Velocimacro : allowInlineToOverride = false : VMs defined inline may NOT replace previous VM definitions
2012-08-16 05:50:28,397 - Velocimacro : allowInlineLocal = false : VMs defined inline will be global in scope if allowed.
2012-08-16 05:50:28,397 - Velocimacro : autoload off : VM system will not automatically reload global library macros
2012-08-16 05:50:28,397 - Velocimacro : Velocimacro : initialization complete.
2012-08-16 05:50:28,397 - RuntimeInstance successfully initialized.
2012-08-16 05:52:03,250 - SimpleLog4JLogSystem initialized using logfile 'velocity.log'
2012-08-16 05:52:03,250 - Initializing Velocity, Calling init()...
2012-08-16 05:52:03,250 - *******************************************************************
2012-08-16 05:52:03,250 - Starting Apache Velocity v1.7 (compiled: 2010-11-19 12:14:37)
2012-08-16 05:52:03,251 - RuntimeInstance initializing.
2012-08-16 05:52:03,251 - Default Properties File: org\apache\velocity\runtime\defaults\velocity.properties
2012-08-16 05:52:03,251 - Trying to use logger class org.apache.velocity.runtime.log.SimpleLog4JLogSystem
2012-08-16 05:52:03,251 - LogSystem has been deprecated. Please use a LogChute implementation.
2012-08-16 05:52:03,254 - Default ResourceManager initializing. (class org.apache.velocity.runtime.resource.ResourceManagerImpl)
2012-08-16 05:52:03,259 - ResourceLoader instantiated: org.apache.velocity.runtime.resource.loader.FileResourceLoader
2012-08-16 05:52:03,261 - FileResourceLoader : initialization starting.
2012-08-16 05:52:03,261 - Do unicode file recognition:  false
2012-08-16 05:52:03,261 - FileResourceLoader : adding path '.'
2012-08-16 05:52:03,261 - FileResourceLoader : initialization complete.
2012-08-16 05:52:03,262 - ResourceLoader instantiated: org.apache.velocity.runtime.resource.loader.ClasspathResourceLoader
2012-08-16 05:52:03,262 - ClasspathResourceLoader : initialization complete.
2012-08-16 05:52:03,281 - ResourceCache: initialized (class org.apache.velocity.runtime.resource.ResourceCacheImpl) with class java.util.Collections$SynchronizedMap cache map.
2012-08-16 05:52:03,281 - Default ResourceManager initialization complete.
2012-08-16 05:52:03,283 - Loaded System Directive: org.apache.velocity.runtime.directive.Stop
2012-08-16 05:52:03,284 - Loaded System Directive: org.apache.velocity.runtime.directive.Define
2012-08-16 05:52:03,285 - Loaded System Directive: org.apache.velocity.runtime.directive.Break
2012-08-16 05:52:03,286 - Loaded System Directive: org.apache.velocity.runtime.directive.Evaluate
2012-08-16 05:52:03,287 - Loaded System Directive: org.apache.velocity.runtime.directive.Literal
2012-08-16 05:52:03,289 - Loaded System Directive: org.apache.velocity.runtime.directive.Macro
2012-08-16 05:52:03,291 - Loaded System Directive: org.apache.velocity.runtime.directive.Parse
2012-08-16 05:52:03,293 - Loaded System Directive: org.apache.velocity.runtime.directive.Include
2012-08-16 05:52:03,294 - Loaded System Directive: org.apache.velocity.runtime.directive.Foreach
2012-08-16 05:52:03,346 - Created '20' parsers.
2012-08-16 05:52:03,357 - Velocimacro : initialization starting.
2012-08-16 05:52:03,357 - Velocimacro : "velocimacro.library" is not set.  Trying default library: VM_global_library.vm
2012-08-16 05:52:03,358 - Could not load resource 'VM_global_library.vm' from ResourceLoader org.apache.velocity.runtime.resource.loader.ClasspathResourceLoader: ClasspathResourceLoader Error: cannot find resource VM_global_library.vm
2012-08-16 05:52:03,358 - Velocimacro : Default library not found.
2012-08-16 05:52:03,358 - Velocimacro : allowInline = true : VMs can be defined inline in templates
2012-08-16 05:52:03,358 - Velocimacro : allowInlineToOverride = false : VMs defined inline may NOT replace previous VM definitions
2012-08-16 05:52:03,358 - Velocimacro : allowInlineLocal = false : VMs defined inline will be global in scope if allowed.
2012-08-16 05:52:03,358 - Velocimacro : autoload off : VM system will not automatically reload global library macros
2012-08-16 05:52:03,358 - Velocimacro : Velocimacro : initialization complete.
2012-08-16 05:52:03,358 - RuntimeInstance successfully initialized.
2012-08-16 05:54:41,512 - SimpleLog4JLogSystem initialized using logfile 'velocity.log'
2012-08-16 05:54:41,512 - Initializing Velocity, Calling init()...
2012-08-16 05:54:41,512 - *******************************************************************
2012-08-16 05:54:41,512 - Starting Apache Velocity v1.7 (compiled: 2010-11-19 12:14:37)
2012-08-16 05:54:41,513 - RuntimeInstance initializing.
2012-08-16 05:54:41,513 - Default Properties File: org\apache\velocity\runtime\defaults\velocity.properties
2012-08-16 05:54:41,513 - Trying to use logger class org.apache.velocity.runtime.log.SimpleLog4JLogSystem
2012-08-16 05:54:41,513 - LogSystem has been deprecated. Please use a LogChute implementation.
2012-08-16 05:54:41,516 - Default ResourceManager initializing. (class org.apache.velocity.runtime.resource.ResourceManagerImpl)
2012-08-16 05:54:41,521 - ResourceLoader instantiated: org.apache.velocity.runtime.resource.loader.FileResourceLoader
2012-08-16 05:54:41,522 - FileResourceLoader : initialization starting.
2012-08-16 05:54:41,522 - Do unicode file recognition:  false
2012-08-16 05:54:41,522 - FileResourceLoader : adding path '.'
2012-08-16 05:54:41,522 - FileResourceLoader : initialization complete.
2012-08-16 05:54:41,523 - ResourceLoader instantiated: org.apache.velocity.runtime.resource.loader.ClasspathResourceLoader
2012-08-16 05:54:41,523 - ClasspathResourceLoader : initialization complete.
2012-08-16 05:54:41,542 - ResourceCache: initialized (class org.apache.velocity.runtime.resource.ResourceCacheImpl) with class java.util.Collections$SynchronizedMap cache map.
2012-08-16 05:54:41,542 - Default ResourceManager initialization complete.
2012-08-16 05:54:41,544 - Loaded System Directive: org.apache.velocity.runtime.directive.Stop
2012-08-16 05:54:41,546 - Loaded System Directive: org.apache.velocity.runtime.directive.Define
2012-08-16 05:54:41,547 - Loaded System Directive: org.apache.velocity.runtime.directive.Break
2012-08-16 05:54:41,548 - Loaded System Directive: org.apache.velocity.runtime.directive.Evaluate
2012-08-16 05:54:41,548 - Loaded System Directive: org.apache.velocity.runtime.directive.Literal
2012-08-16 05:54:41,550 - Loaded System Directive: org.apache.velocity.runtime.directive.Macro
2012-08-16 05:54:41,552 - Loaded System Directive: org.apache.velocity.runtime.directive.Parse
2012-08-16 05:54:41,554 - Loaded System Directive: org.apache.velocity.runtime.directive.Include
2012-08-16 05:54:41,556 - Loaded System Directive: org.apache.velocity.runtime.directive.Foreach
2012-08-16 05:54:41,604 - Created '20' parsers.
2012-08-16 05:54:41,615 - Velocimacro : initialization starting.
2012-08-16 05:54:41,615 - Velocimacro : "velocimacro.library" is not set.  Trying default library: VM_global_library.vm
2012-08-16 05:54:41,616 - Could not load resource 'VM_global_library.vm' from ResourceLoader org.apache.velocity.runtime.resource.loader.ClasspathResourceLoader: ClasspathResourceLoader Error: cannot find resource VM_global_library.vm
2012-08-16 05:54:41,616 - Velocimacro : Default library not found.
2012-08-16 05:54:41,616 - Velocimacro : allowInline = true : VMs can be defined inline in templates
2012-08-16 05:54:41,616 - Velocimacro : allowInlineToOverride = false : VMs defined inline may NOT replace previous VM definitions
2012-08-16 05:54:41,616 - Velocimacro : allowInlineLocal = false : VMs defined inline will be global in scope if allowed.
2012-08-16 05:54:41,616 - Velocimacro : autoload off : VM system will not automatically reload global library macros
2012-08-16 05:54:41,616 - Velocimacro : Velocimacro : initialization complete.
2012-08-16 05:54:41,616 - RuntimeInstance successfully initialized.
2012-08-16 05:55:11,192 - SimpleLog4JLogSystem initialized using logfile 'velocity.log'
2012-08-16 05:55:11,193 - Initializing Velocity, Calling init()...
2012-08-16 05:55:11,193 - *******************************************************************
2012-08-16 05:55:11,193 - Starting Apache Velocity v1.7 (compiled: 2010-11-19 12:14:37)
2012-08-16 05:55:11,193 - RuntimeInstance initializing.
2012-08-16 05:55:11,193 - Default Properties File: org\apache\velocity\runtime\defaults\velocity.properties
2012-08-16 05:55:11,193 - Trying to use logger class org.apache.velocity.runtime.log.SimpleLog4JLogSystem
2012-08-16 05:55:11,193 - LogSystem has been deprecated. Please use a LogChute implementation.
2012-08-16 05:55:11,196 - Default ResourceManager initializing. (class org.apache.velocity.runtime.resource.ResourceManagerImpl)
2012-08-16 05:55:11,200 - ResourceLoader instantiated: org.apache.velocity.runtime.resource.loader.FileResourceLoader
2012-08-16 05:55:11,202 - FileResourceLoader : initialization starting.
2012-08-16 05:55:11,202 - Do unicode file recognition:  false
2012-08-16 05:55:11,202 - FileResourceLoader : adding path '.'
2012-08-16 05:55:11,202 - FileResourceLoader : initialization complete.
2012-08-16 05:55:11,203 - ResourceLoader instantiated: org.apache.velocity.runtime.resource.loader.ClasspathResourceLoader
2012-08-16 05:55:11,203 - ClasspathResourceLoader : initialization complete.
2012-08-16 05:55:11,222 - ResourceCache: initialized (class org.apache.velocity.runtime.resource.ResourceCacheImpl) with class java.util.Collections$SynchronizedMap cache map.
2012-08-16 05:55:11,222 - Default ResourceManager initialization complete.
2012-08-16 05:55:11,224 - Loaded System Directive: org.apache.velocity.runtime.directive.Stop
2012-08-16 05:55:11,225 - Loaded System Directive: org.apache.velocity.runtime.directive.Define
2012-08-16 05:55:11,226 - Loaded System Directive: org.apache.velocity.runtime.directive.Break
2012-08-16 05:55:11,227 - Loaded System Directive: org.apache.velocity.runtime.directive.Evaluate
2012-08-16 05:55:11,228 - Loaded System Directive: org.apache.velocity.runtime.directive.Literal
2012-08-16 05:55:11,230 - Loaded System Directive: org.apache.velocity.runtime.directive.Macro
2012-08-16 05:55:11,232 - Loaded System Directive: org.apache.velocity.runtime.directive.Parse
2012-08-16 05:55:11,233 - Loaded System Directive: org.apache.velocity.runtime.directive.Include
2012-08-16 05:55:11,235 - Loaded System Directive: org.apache.velocity.runtime.directive.Foreach
2012-08-16 05:55:11,285 - Created '20' parsers.
2012-08-16 05:55:11,294 - Velocimacro : initialization starting.
2012-08-16 05:55:11,294 - Velocimacro : "velocimacro.library" is not set.  Trying default library: VM_global_library.vm
2012-08-16 05:55:11,296 - Could not load resource 'VM_global_library.vm' from ResourceLoader org.apache.velocity.runtime.resource.loader.ClasspathResourceLoader: ClasspathResourceLoader Error: cannot find resource VM_global_library.vm
2012-08-16 05:55:11,296 - Velocimacro : Default library not found.
2012-08-16 05:55:11,296 - Velocimacro : allowInline = true : VMs can be defined inline in templates
2012-08-16 05:55:11,296 - Velocimacro : allowInlineToOverride = false : VMs defined inline may NOT replace previous VM definitions
2012-08-16 05:55:11,296 - Velocimacro : allowInlineLocal = false : VMs defined inline will be global in scope if allowed.
2012-08-16 05:55:11,296 - Velocimacro : autoload off : VM system will not automatically reload global library macros
2012-08-16 05:55:11,296 - Velocimacro : Velocimacro : initialization complete.
2012-08-16 05:55:11,296 - RuntimeInstance successfully initialized.
2012-08-16 05:59:10,380 - SimpleLog4JLogSystem initialized using logfile 'velocity.log'
2012-08-16 05:59:10,381 - Initializing Velocity, Calling init()...
2012-08-16 05:59:10,381 - *******************************************************************
2012-08-16 05:59:10,381 - Starting Apache Velocity v1.7 (compiled: 2010-11-19 12:14:37)
2012-08-16 05:59:10,381 - RuntimeInstance initializing.
2012-08-16 05:59:10,381 - Default Properties File: org\apache\velocity\runtime\defaults\velocity.properties
2012-08-16 05:59:10,381 - Trying to use logger class org.apache.velocity.runtime.log.SimpleLog4JLogSystem
2012-08-16 05:59:10,381 - LogSystem has been deprecated. Please use a LogChute implementation.
2012-08-16 05:59:10,384 - Default ResourceManager initializing. (class org.apache.velocity.runtime.resource.ResourceManagerImpl)
2012-08-16 05:59:10,389 - ResourceLoader instantiated: org.apache.velocity.runtime.resource.loader.FileResourceLoader
2012-08-16 05:59:10,390 - FileResourceLoader : initialization starting.
2012-08-16 05:59:10,390 - Do unicode file recognition:  false
2012-08-16 05:59:10,390 - FileResourceLoader : adding path '.'
2012-08-16 05:59:10,390 - FileResourceLoader : initialization complete.
2012-08-16 05:59:10,391 - ResourceLoader instantiated: org.apache.velocity.runtime.resource.loader.ClasspathResourceLoader
2012-08-16 05:59:10,391 - ClasspathResourceLoader : initialization complete.
2012-08-16 05:59:10,409 - ResourceCache: initialized (class org.apache.velocity.runtime.resource.ResourceCacheImpl) with class java.util.Collections$SynchronizedMap cache map.
2012-08-16 05:59:10,409 - Default ResourceManager initialization complete.
2012-08-16 05:59:10,411 - Loaded System Directive: org.apache.velocity.runtime.directive.Stop
2012-08-16 05:59:10,413 - Loaded System Directive: org.apache.velocity.runtime.directive.Define
2012-08-16 05:59:10,414 - Loaded System Directive: org.apache.velocity.runtime.directive.Break
2012-08-16 05:59:10,415 - Loaded System Directive: org.apache.velocity.runtime.directive.Evaluate
2012-08-16 05:59:10,416 - Loaded System Directive: org.apache.velocity.runtime.directive.Literal
2012-08-16 05:59:10,417 - Loaded System Directive: org.apache.velocity.runtime.directive.Macro
2012-08-16 05:59:10,419 - Loaded System Directive: org.apache.velocity.runtime.directive.Parse
2012-08-16 05:59:10,421 - Loaded System Directive: org.apache.velocity.runtime.directive.Include
2012-08-16 05:59:10,422 - Loaded System Directive: org.apache.velocity.runtime.directive.Foreach
2012-08-16 05:59:10,470 - Created '20' parsers.
2012-08-16 05:59:10,480 - Velocimacro : initialization starting.
2012-08-16 05:59:10,480 - Velocimacro : "velocimacro.library" is not set.  Trying default library: VM_global_library.vm
2012-08-16 05:59:10,481 - Could not load resource 'VM_global_library.vm' from ResourceLoader org.apache.velocity.runtime.resource.loader.ClasspathResourceLoader: ClasspathResourceLoader Error: cannot find resource VM_global_library.vm
2012-08-16 05:59:10,481 - Velocimacro : Default library not found.
2012-08-16 05:59:10,481 - Velocimacro : allowInline = true : VMs can be defined inline in templates
2012-08-16 05:59:10,482 - Velocimacro : allowInlineToOverride = false : VMs defined inline may NOT replace previous VM definitions
2012-08-16 05:59:10,482 - Velocimacro : allowInlineLocal = false : VMs defined inline will be global in scope if allowed.
2012-08-16 05:59:10,482 - Velocimacro : autoload off : VM system will not automatically reload global library macros
2012-08-16 05:59:10,482 - Velocimacro : Velocimacro : initialization complete.
2012-08-16 05:59:10,482 - RuntimeInstance successfully initialized.
2012-08-16 06:00:25,792 - SimpleLog4JLogSystem initialized using logfile 'velocity.log'
2012-08-16 06:00:25,792 - Initializing Velocity, Calling init()...
2012-08-16 06:00:25,792 - *******************************************************************
2012-08-16 06:00:25,792 - Starting Apache Velocity v1.7 (compiled: 2010-11-19 12:14:37)
2012-08-16 06:00:25,792 - RuntimeInstance initializing.
2012-08-16 06:00:25,793 - Default Properties File: org\apache\velocity\runtime\defaults\velocity.properties
2012-08-16 06:00:25,793 - Trying to use logger class org.apache.velocity.runtime.log.SimpleLog4JLogSystem
2012-08-16 06:00:25,793 - LogSystem has been deprecated. Please use a LogChute implementation.
2012-08-16 06:00:25,796 - Default ResourceManager initializing. (class org.apache.velocity.runtime.resource.ResourceManagerImpl)
2012-08-16 06:00:25,800 - ResourceLoader instantiated: org.apache.velocity.runtime.resource.loader.FileResourceLoader
2012-08-16 06:00:25,802 - FileResourceLoader : initialization starting.
2012-08-16 06:00:25,802 - Do unicode file recognition:  false
2012-08-16 06:00:25,802 - FileResourceLoader : adding path '.'
2012-08-16 06:00:25,802 - FileResourceLoader : initialization complete.
2012-08-16 06:00:25,803 - ResourceLoader instantiated: org.apache.velocity.runtime.resource.loader.ClasspathResourceLoader
2012-08-16 06:00:25,803 - ClasspathResourceLoader : initialization complete.
2012-08-16 06:00:25,821 - ResourceCache: initialized (class org.apache.velocity.runtime.resource.ResourceCacheImpl) with class java.util.Collections$SynchronizedMap cache map.
2012-08-16 06:00:25,822 - Default ResourceManager initialization complete.
2012-08-16 06:00:25,823 - Loaded System Directive: org.apache.velocity.runtime.directive.Stop
2012-08-16 06:00:25,825 - Loaded System Directive: org.apache.velocity.runtime.directive.Define
2012-08-16 06:00:25,826 - Loaded System Directive: org.apache.velocity.runtime.directive.Break
2012-08-16 06:00:25,827 - Loaded System Directive: org.apache.velocity.runtime.directive.Evaluate
2012-08-16 06:00:25,828 - Loaded System Directive: org.apache.velocity.runtime.directive.Literal
2012-08-16 06:00:25,830 - Loaded System Directive: org.apache.velocity.runtime.directive.Macro
2012-08-16 06:00:25,832 - Loaded System Directive: org.apache.velocity.runtime.directive.Parse
2012-08-16 06:00:25,833 - Loaded System Directive: org.apache.velocity.runtime.directive.Include
2012-08-16 06:00:25,835 - Loaded System Directive: org.apache.velocity.runtime.directive.Foreach
2012-08-16 06:00:25,883 - Created '20' parsers.
2012-08-16 06:00:25,893 - Velocimacro : initialization starting.
2012-08-16 06:00:25,893 - Velocimacro : "velocimacro.library" is not set.  Trying default library: VM_global_library.vm
2012-08-16 06:00:25,894 - Could not load resource 'VM_global_library.vm' from ResourceLoader org.apache.velocity.runtime.resource.loader.ClasspathResourceLoader: ClasspathResourceLoader Error: cannot find resource VM_global_library.vm
2012-08-16 06:00:25,894 - Velocimacro : Default library not found.
2012-08-16 06:00:25,894 - Velocimacro : allowInline = true : VMs can be defined inline in templates
2012-08-16 06:00:25,894 - Velocimacro : allowInlineToOverride = false : VMs defined inline may NOT replace previous VM definitions
2012-08-16 06:00:25,895 - Velocimacro : allowInlineLocal = false : VMs defined inline will be global in scope if allowed.
2012-08-16 06:00:25,895 - Velocimacro : autoload off : VM system will not automatically reload global library macros
2012-08-16 06:00:25,895 - Velocimacro : Velocimacro : initialization complete.
2012-08-16 06:00:25,895 - RuntimeInstance successfully initialized.
2012-08-16 06:04:52,126 - SimpleLog4JLogSystem initialized using logfile 'velocity.log'
2012-08-16 06:04:52,126 - Initializing Velocity, Calling init()...
2012-08-16 06:04:52,126 - *******************************************************************
2012-08-16 06:04:52,127 - Starting Apache Velocity v1.7 (compiled: 2010-11-19 12:14:37)
2012-08-16 06:04:52,127 - RuntimeInstance initializing.
2012-08-16 06:04:52,127 - Default Properties File: org\apache\velocity\runtime\defaults\velocity.properties
2012-08-16 06:04:52,127 - Trying to use logger class org.apache.velocity.runtime.log.SimpleLog4JLogSystem
2012-08-16 06:04:52,127 - LogSystem has been deprecated. Please use a LogChute implementation.
2012-08-16 06:04:52,130 - Default ResourceManager initializing. (class org.apache.velocity.runtime.resource.ResourceManagerImpl)
2012-08-16 06:04:52,135 - ResourceLoader instantiated: org.apache.velocity.runtime.resource.loader.FileResourceLoader
2012-08-16 06:04:52,136 - FileResourceLoader : initialization starting.
2012-08-16 06:04:52,136 - Do unicode file recognition:  false
2012-08-16 06:04:52,136 - FileResourceLoader : adding path '.'
2012-08-16 06:04:52,136 - FileResourceLoader : initialization complete.
2012-08-16 06:04:52,137 - ResourceLoader instantiated: org.apache.velocity.runtime.resource.loader.ClasspathResourceLoader
2012-08-16 06:04:52,138 - ClasspathResourceLoader : initialization complete.
2012-08-16 06:04:52,157 - ResourceCache: initialized (class org.apache.velocity.runtime.resource.ResourceCacheImpl) with class java.util.Collections$SynchronizedMap cache map.
2012-08-16 06:04:52,157 - Default ResourceManager initialization complete.
2012-08-16 06:04:52,159 - Loaded System Directive: org.apache.velocity.runtime.directive.Stop
2012-08-16 06:04:52,161 - Loaded System Directive: org.apache.velocity.runtime.directive.Define
2012-08-16 06:04:52,162 - Loaded System Directive: org.apache.velocity.runtime.directive.Break
2012-08-16 06:04:52,163 - Loaded System Directive: org.apache.velocity.runtime.directive.Evaluate
2012-08-16 06:04:52,164 - Loaded System Directive: org.apache.velocity.runtime.directive.Literal
2012-08-16 06:04:52,165 - Loaded System Directive: org.apache.velocity.runtime.directive.Macro
2012-08-16 06:04:52,167 - Loaded System Directive: org.apache.velocity.runtime.directive.Parse
2012-08-16 06:04:52,169 - Loaded System Directive: org.apache.velocity.runtime.directive.Include
2012-08-16 06:04:52,171 - Loaded System Directive: org.apache.velocity.runtime.directive.Foreach
2012-08-16 06:04:52,222 - Created '20' parsers.
2012-08-16 06:04:52,233 - Velocimacro : initialization starting.
2012-08-16 06:04:52,233 - Velocimacro : "velocimacro.library" is not set.  Trying default library: VM_global_library.vm
2012-08-16 06:04:52,234 - Could not load resource 'VM_global_library.vm' from ResourceLoader org.apache.velocity.runtime.resource.loader.ClasspathResourceLoader: ClasspathResourceLoader Error: cannot find resource VM_global_library.vm
2012-08-16 06:04:52,234 - Velocimacro : Default library not found.
2012-08-16 06:04:52,234 - Velocimacro : allowInline = true : VMs can be defined inline in templates
2012-08-16 06:04:52,234 - Velocimacro : allowInlineToOverride = false : VMs defined inline may NOT replace previous VM definitions
2012-08-16 06:04:52,234 - Velocimacro : allowInlineLocal = false : VMs defined inline will be global in scope if allowed.
2012-08-16 06:04:52,234 - Velocimacro : autoload off : VM system will not automatically reload global library macros
2012-08-16 06:04:52,234 - Velocimacro : Velocimacro : initialization complete.
2012-08-16 06:04:52,234 - RuntimeInstance successfully initialized.
2012-08-16 06:05:53,459 - SimpleLog4JLogSystem initialized using logfile 'velocity.log'
2012-08-16 06:05:53,460 - Initializing Velocity, Calling init()...
2012-08-16 06:05:53,460 - *******************************************************************
2012-08-16 06:05:53,460 - Starting Apache Velocity v1.7 (compiled: 2010-11-19 12:14:37)
2012-08-16 06:05:53,460 - RuntimeInstance initializing.
2012-08-16 06:05:53,460 - Default Properties File: org\apache\velocity\runtime\defaults\velocity.properties
2012-08-16 06:05:53,460 - Trying to use logger class org.apache.velocity.runtime.log.SimpleLog4JLogSystem
2012-08-16 06:05:53,460 - LogSystem has been deprecated. Please use a LogChute implementation.
2012-08-16 06:05:53,464 - Default ResourceManager initializing. (class org.apache.velocity.runtime.resource.ResourceManagerImpl)
2012-08-16 06:05:53,469 - ResourceLoader instantiated: org.apache.velocity.runtime.resource.loader.FileResourceLoader
2012-08-16 06:05:53,471 - FileResourceLoader : initialization starting.
2012-08-16 06:05:53,471 - Do unicode file recognition:  false
2012-08-16 06:05:53,471 - FileResourceLoader : adding path '.'
2012-08-16 06:05:53,471 - FileResourceLoader : initialization complete.
2012-08-16 06:05:53,472 - ResourceLoader instantiated: org.apache.velocity.runtime.resource.loader.ClasspathResourceLoader
2012-08-16 06:05:53,472 - ClasspathResourceLoader : initialization complete.
2012-08-16 06:05:53,491 - ResourceCache: initialized (class org.apache.velocity.runtime.resource.ResourceCacheImpl) with class java.util.Collections$SynchronizedMap cache map.
2012-08-16 06:05:53,491 - Default ResourceManager initialization complete.
2012-08-16 06:05:53,494 - Loaded System Directive: org.apache.velocity.runtime.directive.Stop
2012-08-16 06:05:53,495 - Loaded System Directive: org.apache.velocity.runtime.directive.Define
2012-08-16 06:05:53,496 - Loaded System Directive: org.apache.velocity.runtime.directive.Break
2012-08-16 06:05:53,498 - Loaded System Directive: org.apache.velocity.runtime.directive.Evaluate
2012-08-16 06:05:53,498 - Loaded System Directive: org.apache.velocity.runtime.directive.Literal
2012-08-16 06:05:53,500 - Loaded System Directive: org.apache.velocity.runtime.directive.Macro
2012-08-16 06:05:53,502 - Loaded System Directive: org.apache.velocity.runtime.directive.Parse
2012-08-16 06:05:53,504 - Loaded System Directive: org.apache.velocity.runtime.directive.Include
2012-08-16 06:05:53,505 - Loaded System Directive: org.apache.velocity.runtime.directive.Foreach
2012-08-16 06:05:53,557 - Created '20' parsers.
2012-08-16 06:05:53,567 - Velocimacro : initialization starting.
2012-08-16 06:05:53,567 - Velocimacro : "velocimacro.library" is not set.  Trying default library: VM_global_library.vm
2012-08-16 06:05:53,568 - Could not load resource 'VM_global_library.vm' from ResourceLoader org.apache.velocity.runtime.resource.loader.ClasspathResourceLoader: ClasspathResourceLoader Error: cannot find resource VM_global_library.vm
2012-08-16 06:05:53,568 - Velocimacro : Default library not found.
2012-08-16 06:05:53,568 - Velocimacro : allowInline = true : VMs can be defined inline in templates
2012-08-16 06:05:53,568 - Velocimacro : allowInlineToOverride = false : VMs defined inline may NOT replace previous VM definitions
2012-08-16 06:05:53,568 - Velocimacro : allowInlineLocal = false : VMs defined inline will be global in scope if allowed.
2012-08-16 06:05:53,568 - Velocimacro : autoload off : VM system will not automatically reload global library macros
2012-08-16 06:05:53,569 - Velocimacro : Velocimacro : initialization complete.
2012-08-16 06:05:53,569 - RuntimeInstance successfully initialized.
2012-08-16 06:10:29,352 - SimpleLog4JLogSystem initialized using logfile 'velocity.log'
2012-08-16 06:10:29,352 - Initializing Velocity, Calling init()...
2012-08-16 06:10:29,352 - *******************************************************************
2012-08-16 06:10:29,353 - Starting Apache Velocity v1.7 (compiled: 2010-11-19 12:14:37)
2012-08-16 06:10:29,353 - RuntimeInstance initializing.
2012-08-16 06:10:29,353 - Default Properties File: org\apache\velocity\runtime\defaults\velocity.properties
2012-08-16 06:10:29,353 - Trying to use logger class org.apache.velocity.runtime.log.SimpleLog4JLogSystem
2012-08-16 06:10:29,356 - LogSystem has been deprecated. Please use a LogChute implementation.
2012-08-16 06:10:29,358 - Default ResourceManager initializing. (class org.apache.velocity.runtime.resource.ResourceManagerImpl)
2012-08-16 06:10:29,362 - ResourceLoader instantiated: org.apache.velocity.runtime.resource.loader.FileResourceLoader
2012-08-16 06:10:29,363 - FileResourceLoader : initialization starting.
2012-08-16 06:10:29,363 - Do unicode file recognition:  false
2012-08-16 06:10:29,363 - FileResourceLoader : adding path '.'
2012-08-16 06:10:29,363 - FileResourceLoader : initialization complete.
2012-08-16 06:10:29,364 - ResourceLoader instantiated: org.apache.velocity.runtime.resource.loader.ClasspathResourceLoader
2012-08-16 06:10:29,364 - ClasspathResourceLoader : initialization complete.
2012-08-16 06:10:29,378 - ResourceCache: initialized (class org.apache.velocity.runtime.resource.ResourceCacheImpl) with class java.util.Collections$SynchronizedMap cache map.
2012-08-16 06:10:29,378 - Default ResourceManager initialization complete.
2012-08-16 06:10:29,379 - Loaded System Directive: org.apache.velocity.runtime.directive.Stop
2012-08-16 06:10:29,381 - Loaded System Directive: org.apache.velocity.runtime.directive.Define
2012-08-16 06:10:29,382 - Loaded System Directive: org.apache.velocity.runtime.directive.Break
2012-08-16 06:10:29,383 - Loaded System Directive: org.apache.velocity.runtime.directive.Evaluate
2012-08-16 06:10:29,384 - Loaded System Directive: org.apache.velocity.runtime.directive.Literal
2012-08-16 06:10:29,385 - Loaded System Directive: org.apache.velocity.runtime.directive.Macro
2012-08-16 06:10:29,387 - Loaded System Directive: org.apache.velocity.runtime.directive.Parse
2012-08-16 06:10:29,389 - Loaded System Directive: org.apache.velocity.runtime.directive.Include
2012-08-16 06:10:29,390 - Loaded System Directive: org.apache.velocity.runtime.directive.Foreach
2012-08-16 06:10:29,428 - Created '20' parsers.
2012-08-16 06:10:29,437 - Velocimacro : initialization starting.
2012-08-16 06:10:29,437 - Velocimacro : "velocimacro.library" is not set.  Trying default library: VM_global_library.vm
2012-08-16 06:10:29,438 - Could not load resource 'VM_global_library.vm' from ResourceLoader org.apache.velocity.runtime.resource.loader.ClasspathResourceLoader: ClasspathResourceLoader Error: cannot find resource VM_global_library.vm
2012-08-16 06:10:29,438 - Velocimacro : Default library not found.
2012-08-16 06:10:29,438 - Velocimacro : allowInline = true : VMs can be defined inline in templates
2012-08-16 06:10:29,438 - Velocimacro : allowInlineToOverride = false : VMs defined inline may NOT replace previous VM definitions
2012-08-16 06:10:29,438 - Velocimacro : allowInlineLocal = false : VMs defined inline will be global in scope if allowed.
2012-08-16 06:10:29,438 - Velocimacro : autoload off : VM system will not automatically reload global library macros
2012-08-16 06:10:29,438 - Velocimacro : Velocimacro : initialization complete.
2012-08-16 06:10:29,438 - RuntimeInstance successfully initialized.
2012-08-16 06:28:48,830 - SimpleLog4JLogSystem initialized using logfile 'velocity.log'
2012-08-16 06:28:48,831 - Initializing Velocity, Calling init()...
2012-08-16 06:28:48,831 - *******************************************************************
2012-08-16 06:28:48,831 - Starting Apache Velocity v1.7 (compiled: 2010-11-19 12:14:37)
2012-08-16 06:28:48,831 - RuntimeInstance initializing.
2012-08-16 06:28:48,831 - Default Properties File: org\apache\velocity\runtime\defaults\velocity.properties
2012-08-16 06:28:48,831 - Trying to use logger class org.apache.velocity.runtime.log.SimpleLog4JLogSystem
2012-08-16 06:28:48,831 - LogSystem has been deprecated. Please use a LogChute implementation.
2012-08-16 06:28:48,834 - Default ResourceManager initializing. (class org.apache.velocity.runtime.resource.ResourceManagerImpl)
2012-08-16 06:28:48,839 - ResourceLoader instantiated: org.apache.velocity.runtime.resource.loader.FileResourceLoader
2012-08-16 06:28:48,841 - FileResourceLoader : initialization starting.
2012-08-16 06:28:48,841 - Do unicode file recognition:  false
2012-08-16 06:28:48,841 - FileResourceLoader : adding path '.'
2012-08-16 06:28:48,841 - FileResourceLoader : initialization complete.
2012-08-16 06:28:48,842 - ResourceLoader instantiated: org.apache.velocity.runtime.resource.loader.ClasspathResourceLoader
2012-08-16 06:28:48,842 - ClasspathResourceLoader : initialization complete.
2012-08-16 06:28:48,863 - ResourceCache: initialized (class org.apache.velocity.runtime.resource.ResourceCacheImpl) with class java.util.Collections$SynchronizedMap cache map.
2012-08-16 06:28:48,863 - Default ResourceManager initialization complete.
2012-08-16 06:28:48,865 - Loaded System Directive: org.apache.velocity.runtime.directive.Stop
2012-08-16 06:28:48,867 - Loaded System Directive: org.apache.velocity.runtime.directive.Define
2012-08-16 06:28:48,868 - Loaded System Directive: org.apache.velocity.runtime.directive.Break
2012-08-16 06:28:48,869 - Loaded System Directive: org.apache.velocity.runtime.directive.Evaluate
2012-08-16 06:28:48,870 - Loaded System Directive: org.apache.velocity.runtime.directive.Literal
2012-08-16 06:28:48,872 - Loaded System Directive: org.apache.velocity.runtime.directive.Macro
2012-08-16 06:28:48,874 - Loaded System Directive: org.apache.velocity.runtime.directive.Parse
2012-08-16 06:28:48,876 - Loaded System Directive: org.apache.velocity.runtime.directive.Include
2012-08-16 06:28:48,878 - Loaded System Directive: org.apache.velocity.runtime.directive.Foreach
2012-08-16 06:28:48,933 - Created '20' parsers.
2012-08-16 06:28:48,943 - Velocimacro : initialization starting.
2012-08-16 06:28:48,943 - Velocimacro : "velocimacro.library" is not set.  Trying default library: VM_global_library.vm
2012-08-16 06:28:48,944 - Could not load resource 'VM_global_library.vm' from ResourceLoader org.apache.velocity.runtime.resource.loader.ClasspathResourceLoader: ClasspathResourceLoader Error: cannot find resource VM_global_library.vm
2012-08-16 06:28:48,944 - Velocimacro : Default library not found.
2012-08-16 06:28:48,944 - Velocimacro : allowInline = true : VMs can be defined inline in templates
2012-08-16 06:28:48,944 - Velocimacro : allowInlineToOverride = false : VMs defined inline may NOT replace previous VM definitions
2012-08-16 06:28:48,944 - Velocimacro : allowInlineLocal = false : VMs defined inline will be global in scope if allowed.
2012-08-16 06:28:48,944 - Velocimacro : autoload off : VM system will not automatically reload global library macros
2012-08-16 06:28:48,944 - Velocimacro : Velocimacro : initialization complete.
2012-08-16 06:28:48,944 - RuntimeInstance successfully initialized.
